Guessing word,chad_id=-321375124,user="Romka Best"(354543567),is_master=True,text="Привет",word=""
Got command /start,chat_id=-321375124,user_id
chat_id=-321375124, New master is "Динара Гилязева"(776625534)
Got command /start,chat_id=-321375124,user_id
chat_id=-321375124, New master is "Romka Best"(354543567)
Got command /start,chat_id=-321375124,user_id
chat_id=-321375124, New master is "Динара Гилязева"(776625534)
Got command /rating,chat_id=-321375124,rating=
chat_id=-321375124, New master is "Romka Best"(354543567)
Guessing word,chad_id=-321375124,user="Romka Best"(354543567),is_master=True,text="Выносить сор из избы",word="выносить сор из избы"
Got command /rating,chat_id=-321375124,rating=Romka Best: 1 
Guessing word,chad_id=-321375124,user="Силаева Влада"(749181473),is_master=True,text="зорбинг",word="прокурор"
chat_id=-321375124, New master is "Динара Гилязева"(776625534)
Guessing word,chad_id=-321375124,user="Динара Гилязева"(776625534),is_master=True,text="прокурор",word="прокурор"
Got command /start,chat_id=625210535,user_id
chat_id=625210535, New master is "Игорь Иванов"(625210535)
Guessing word,chad_id=625210535,user="Игорь Иванов"(625210535),is_master=True,text="12213123123",word="блоха"
Guessing word,chad_id=625210535,user="Игорь Иванов"(625210535),is_master=True,text="блоха",word="блоха"
Got command /start,chat_id=-321375124,user_id
chat_id=-321375124, New master is "Эльдорадо"(791987302)
Guessing word,chad_id=-321375124,user="Эльдорадо"(791987302),is_master=True,text="электрик",word="электрик"
Guessing word,chad_id=-321375124,user="Динара Гилязева"(776625534),is_master=True,text="https://t.me/joinchat/LkpdfhMny5Q7xG_U9IOj5w",word="электрик"
Guessing word,chad_id=-321375124,user="Силаева Влада"(749181473),is_master=True,text="зачем здесь это?",word="электрик"
Guessing word,chad_id=-321375124,user="Игорь Иванов"(625210535),is_master=True,text="/",word="электрик"
Got command /start,chat_id=-321375124,user_id
chat_id=-321375124, New master is "Динара Гилязева"(776625534)
chat_id=-321375124, New master is "Игорь Иванов"(625210535)
Guessing word,chad_id=-321375124,user="Игорь Иванов"(625210535),is_master=True,text="медвежья услуга",word="медвежья услуга"
Guessing word,chad_id=-321375124,user="Romka Best"(354543567),is_master=True,text="рыцари",word="инквизитор"
chat_id=-321375124, New master is "Динара Гилязева"(776625534)
Guessing word,chad_id=-321375124,user="Динара Гилязева"(776625534),is_master=True,text="инквизитор",word="инквизитор"
Guessing word,chad_id=-321375124,user="Romka Best"(354543567),is_master=True,text="пожарник",word="пожарный"
chat_id=-321375124, New master is "Игорь Иванов"(625210535)
Guessing word,chad_id=-321375124,user="Игорь Иванов"(625210535),is_master=True,text="пожарный",word="пожарный"
Guessing word,chad_id=-321375124,user="Romka Best"(354543567),is_master=True,text="Орёл",word="пеликан"
chat_id=-321375124, New master is "Эльдорадо"(791987302)
Guessing word,chad_id=-321375124,user="Эльдорадо"(791987302),is_master=True,text="пеликан",word="пеликан"
Guessing word,chad_id=-321375124,user="Romka Best"(354543567),is_master=True,text="Чайка",word="аллегория"
Guessing word,chad_id=-321375124,user="Игорь Иванов"(625210535),is_master=True,text="вапвап",word="аллегория"
Guessing word,chad_id=-321375124,user="Игорь Иванов"(625210535),is_master=True,text="аллегория",word="аллегория"
Guessing word,chad_id=-321375124,user="Эльдорадо"(791987302),is_master=True,text="иили",word="аллегория"
Guessing word,chad_id=-321375124,user="Игорь Иванов"(625210535),is_master=True,text="сапр",word="аллегория"
Guessing word,chad_id=-321375124,user="Игорь Иванов"(625210535),is_master=True,text="апоркво",word="аллегория"
Got command /rating,chat_id=-321375124,rating=Игорь Иванов: 2 Динара Гилязева: 1 Эльдорадо: 1 
Guessing word,chad_id=-321375124,user="Динара Гилязева"(776625534),is_master=True,text="привет",word="аллегория"
Guessing word,chad_id=-321375124,user="Силаева Влада"(749181473),is_master=True,text="g",word="аллегория"
Guessing word,chad_id=-321375124,user="Эльдорадо"(791987302),is_master=True,text="мол",word="аллегория"
Guessing word,chad_id=-321375124,user="Игорь Иванов"(625210535),is_master=True,text=".ьфыеук",word="аллегория"
Guessing word,chad_id=-321375124,user="Силаева Влада"(749181473),is_master=True,text="c",word="аллегория"
Got command /master,chat_id=-321375124,user="Игорь Иванов"(625210535),timedelta=-29
chat_id=-321375124, New master is "Игорь Иванов"(625210535)
Guessing word,chad_id=-321375124,user="Динара Гилязева"(776625534),is_master=True,text="привет",word="дровосек"
Guessing word,chad_id=-321375124,user="Romka Best"(354543567),is_master=True,text="Хе, теперь я",word="дровосек"
Guessing word,chad_id=-321375124,user="Romka Best"(354543567),is_master=True,text="Дровосек",word="дровосек"
Guessing word,chad_id=-321375124,user="Силаева Влада"(749181473),is_master=True,text="v\",word="дровосек"
Guessing word,chad_id=-321375124,user="Игорь Иванов"(625210535),is_master=True,text="/",word="дровосек"
chat_id=-321375124, New master is "Romka Best"(354543567)
Guessing word,chad_id=-321375124,user="Romka Best"(354543567),is_master=True,text="Дровосек",word="дровосек"
Guessing word,chad_id=-321375124,user="Силаева Влада"(749181473),is_master=True,text="дровосек",word="краб"
Got command /start,chat_id=-321375124,user_id
chat_id=-321375124, New master is "Игорь Иванов"(625210535)
Guessing word,chad_id=-321375124,user="Игорь Иванов"(625210535),is_master=True,text="123",word="дровосек"
Guessing word,chad_id=-321375124,user="Игорь Иванов"(625210535),is_master=True,text="12",word="дровосек"
Guessing word,chad_id=-321375124,user="Игорь Иванов"(625210535),is_master=True,text="31",word="дровосек"
Guessing word,chad_id=-321375124,user="Игорь Иванов"(625210535),is_master=True,text="23",word="дровосек"
Guessing word,chad_id=-321375124,user="Силаева Влада"(749181473),is_master=True,text="c",word="дровосек"
Guessing word,chad_id=-321375124,user="Игорь Иванов"(625210535),is_master=True,text="1",word="дровосек"
Guessing word,chad_id=-321375124,user="Игорь Иванов"(625210535),is_master=True,text="1",word="дровосек"
Guessing word,chad_id=-321375124,user="Игорь Иванов"(625210535),is_master=True,text="1",word="дровосек"
Guessing word,chad_id=-321375124,user="Силаева Влада"(749181473),is_master=True,text="c",word="дровосек"
Guessing word,chad_id=-321375124,user="Игорь Иванов"(625210535),is_master=True,text="1",word="дровосек"
Guessing word,chad_id=-321375124,user="Игорь Иванов"(625210535),is_master=True,text="1",word="дровосек"
Guessing word,chad_id=-321375124,user="Игорь Иванов"(625210535),is_master=True,text="1",word="дровосек"
Guessing word,chad_id=-321375124,user="Силаева Влада"(749181473),is_master=True,text="d",word="дровосек"
Guessing word,chad_id=-321375124,user="Силаева Влада"(749181473),is_master=True,text="cc",word="дровосек"
Guessing word,chad_id=-321375124,user="Игорь Иванов"(625210535),is_master=True,text="1",word="дровосек"
Guessing word,chad_id=-321375124,user="Игорь Иванов"(625210535),is_master=True,text="1",word="дровосек"
Guessing word,chad_id=-321375124,user="Игорь Иванов"(625210535),is_master=True,text="1",word="дровосек"
Guessing word,chad_id=-321375124,user="Силаева Влада"(749181473),is_master=True,text="c",word="дровосек"
Guessing word,chad_id=-321375124,user="Игорь Иванов"(625210535),is_master=True,text="1",word="дровосек"
Guessing word,chad_id=-321375124,user="Игорь Иванов"(625210535),is_master=True,text="1",word="дровосек"
Guessing word,chad_id=-321375124,user="Силаева Влада"(749181473),is_master=True,text="cc",word="дровосек"
Guessing word,chad_id=-321375124,user="Силаева Влада"(749181473),is_master=True,text="v",word="дровосек"
Guessing word,chad_id=-321375124,user="Игорь Иванов"(625210535),is_master=True,text="11",word="дровосек"
Guessing word,chad_id=-321375124,user="Силаева Влада"(749181473),is_master=True,text="cc",word="дровосек"
Guessing word,chad_id=-321375124,user="Силаева Влада"(749181473),is_master=True,text="c",word="дровосек"
Guessing word,chad_id=-321375124,user="Силаева Влада"(749181473),is_master=True,text="cc",word="дровосек"
Guessing word,chad_id=-321375124,user="Игорь Иванов"(625210535),is_master=True,text="1",word="дровосек"
Guessing word,chad_id=-321375124,user="Игорь Иванов"(625210535),is_master=True,text="11",word="дровосек"
Guessing word,chad_id=-321375124,user="Силаева Влада"(749181473),is_master=True,text="c",word="дровосек"
Guessing word,chad_id=-321375124,user="Игорь Иванов"(625210535),is_master=True,text="1",word="дровосек"
Guessing word,chad_id=-321375124,user="Игорь Иванов"(625210535),is_master=True,text="1",word="дровосек"
Guessing word,chad_id=-321375124,user="Силаева Влада"(749181473),is_master=True,text="c",word="дровосек"
Guessing word,chad_id=-321375124,user="Игорь Иванов"(625210535),is_master=True,text="1",word="дровосек"
Guessing word,chad_id=-321375124,user="Игорь Иванов"(625210535),is_master=True,text="1",word="дровосек"
Guessing word,chad_id=-321375124,user="Игорь Иванов"(625210535),is_master=True,text="1",word="дровосек"
Guessing word,chad_id=-321375124,user="Игорь Иванов"(625210535),is_master=True,text="1",word="дровосек"
Guessing word,chad_id=-321375124,user="Игорь Иванов"(625210535),is_master=True,text="11",word="дровосек"
Got command /start,chat_id=-321375124,user_id
chat_id=-321375124, New master is "Динара Гилязева"(776625534)
Guessing word,chad_id=-321375124,user="Игорь Иванов"(625210535),is_master=True,text="1",word="фотошоп"
Guessing word,chad_id=-321375124,user="Игорь Иванов"(625210535),is_master=True,text="1",word="фотошоп"
Guessing word,chad_id=-321375124,user="Игорь Иванов"(625210535),is_master=True,text="1",word="фотошоп"
Guessing word,chad_id=-321375124,user="Игорь Иванов"(625210535),is_master=True,text="1",word="фотошоп"
Guessing word,chad_id=-321375124,user="Силаева Влада"(749181473),is_master=True,text="c",word="фотошоп"
Guessing word,chad_id=-321375124,user="Игорь Иванов"(625210535),is_master=True,text="1",word="фотошоп"
Guessing word,chad_id=-321375124,user="Игорь Иванов"(625210535),is_master=True,text="11",word="фотошоп"
Guessing word,chad_id=-321375124,user="Силаева Влада"(749181473),is_master=True,text="c",word="фотошоп"
Guessing word,chad_id=-321375124,user="Силаева Влада"(749181473),is_master=True,text="c",word="фотошоп"
Guessing word,chad_id=-321375124,user="Силаева Влада"(749181473),is_master=True,text="cc",word="фотошоп"
Guessing word,chad_id=-321375124,user="Силаева Влада"(749181473),is_master=True,text="c",word="фотошоп"
Guessing word,chad_id=-321375124,user="Силаева Влада"(749181473),is_master=True,text="c",word="фотошоп"
Guessing word,chad_id=-321375124,user="Игорь Иванов"(625210535),is_master=True,text="q",word="фотошоп"
Guessing word,chad_id=-321375124,user="Силаева Влада"(749181473),is_master=True,text="c",word="фотошоп"
Guessing word,chad_id=-321375124,user="Romka Best"(354543567),is_master=True,text="П",word="фотошоп"
Guessing word,chad_id=-321375124,user="Силаева Влада"(749181473),is_master=True,text="c",word="фотошоп"
chat_id=-321375124, New master is "Игорь Иванов"(625210535)
Guessing word,chad_id=-321375124,user="Игорь Иванов"(625210535),is_master=True,text="фотошоп",word="фотошоп"
Guessing word,chad_id=-321375124,user="Romka Best"(354543567),is_master=True,text="Фотошоп",word="колибри"
Guessing word,chad_id=-321375124,user="Силаева Влада"(749181473),is_master=True,text="x",word="колибри"
Guessing word,chad_id=-321375124,user="Romka Best"(354543567),is_master=True,text="Х",word="колибри"
Guessing word,chad_id=-321375124,user="Игорь Иванов"(625210535),is_master=True,text="цук",word="колибри"
Guessing word,chad_id=-321375124,user="Игорь Иванов"(625210535),is_master=True,text="ыва",word="колибри"
Guessing word,chad_id=-321375124,user="Игорь Иванов"(625210535),is_master=True,text="ыва",word="колибри"
Guessing word,chad_id=-321375124,user="Игорь Иванов"(625210535),is_master=True,text="ыва",word="колибри"
Guessing word,chad_id=-321375124,user="Игорь Иванов"(625210535),is_master=True,text="ы",word="колибри"
Guessing word,chad_id=-321375124,user="Игорь Иванов"(625210535),is_master=True,text="ва",word="колибри"
Guessing word,chad_id=-321375124,user="Игорь Иванов"(625210535),is_master=True,text="ы",word="колибри"
Guessing word,chad_id=-321375124,user="Игорь Иванов"(625210535),is_master=True,text="ва",word="колибри"
Guessing word,chad_id=-321375124,user="Игорь Иванов"(625210535),is_master=True,text="в",word="колибри"
Guessing word,chad_id=-321375124,user="Romka Best"(354543567),is_master=True,text="Пжпзп",word="колибри"
Guessing word,chad_id=-321375124,user="Игорь Иванов"(625210535),is_master=True,text="а",word="колибри"
Guessing word,chad_id=-321375124,user="Игорь Иванов"(625210535),is_master=True,text="ыв",word="колибри"
Guessing word,chad_id=-321375124,user="Игорь Иванов"(625210535),is_master=True,text="а",word="колибри"
Guessing word,chad_id=-321375124,user="Игорь Иванов"(625210535),is_master=True,text="ыв",word="колибри"
Guessing word,chad_id=-321375124,user="Romka Best"(354543567),is_master=True,text="Дадаща",word="колибри"
Guessing word,chad_id=-321375124,user="Romka Best"(354543567),is_master=True,text="Аплп",word="колибри"
Guessing word,chad_id=-321375124,user="Игорь Иванов"(625210535),is_master=True,text="а",word="колибри"
Guessing word,chad_id=-321375124,user="Romka Best"(354543567),is_master=True,text="П",word="колибри"
Guessing word,chad_id=-321375124,user="Romka Best"(354543567),is_master=True,text="П",word="колибри"
Guessing word,chad_id=-321375124,user="Romka Best"(354543567),is_master=True,text="А",word="колибри"
Guessing word,chad_id=-321375124,user="Romka Best"(354543567),is_master=True,text="П",word="колибри"
Guessing word,chad_id=-321375124,user="Romka Best"(354543567),is_master=True,text="П",word="колибри"
chat_id=-321375124, New master is "Силаева Влада"(749181473)
Guessing word,chad_id=-321375124,user="Силаева Влада"(749181473),is_master=True,text="колибри",word="колибри"
Guessing word,chad_id=-321375124,user="Romka Best"(354543567),is_master=True,text="П",word="твистер"
Guessing word,chad_id=-321375124,user="Силаева Влада"(749181473),is_master=True,text="а",word="твистер"
Guessing word,chad_id=-321375124,user="Игорь Иванов"(625210535),is_master=True,text="gxdfg",word="твистер"
Guessing word,chad_id=-321375124,user="Силаева Влада"(749181473),is_master=True,text="м",word="твистер"
chat_id=-321375124, New master is "Игорь Иванов"(625210535)
Guessing word,chad_id=-321375124,user="Игорь Иванов"(625210535),is_master=True,text="твистер",word="твистер"
Guessing word,chad_id=-321375124,user="Силаева Влада"(749181473),is_master=True,text="с",word="мафия"
Guessing word,chad_id=-321375124,user="Romka Best"(354543567),is_master=True,text="Мое",word="мафия"
chat_id=-321375124, New master is "Игорь Иванов"(625210535)
Guessing word,chad_id=-321375124,user="Игорь Иванов"(625210535),is_master=True,text="мафия",word="мафия"
Guessing word,chad_id=-321375124,user="Силаева Влада"(749181473),is_master=True,text="мафия",word="как с гуся вода"
Guessing word,chad_id=-321375124,user="Romka Best"(354543567),is_master=True,text="Чёрт",word="как с гуся вода"
Guessing word,chad_id=-321375124,user="Силаева Влада"(749181473),is_master=True,text="и",word="как с гуся вода"
Guessing word,chad_id=-321375124,user="Игорь Иванов"(625210535),is_master=True,text="вчап",word="как с гуся вода"
chat_id=-321375124, New master is "Romka Best"(354543567)
Guessing word,chad_id=-321375124,user="Romka Best"(354543567),is_master=True,text="Как с гуся вода",word="как с гуся вода"
Guessing word,chad_id=-321375124,user="Силаева Влада"(749181473),is_master=True,text="м",word="выхухоль"
Guessing word,chad_id=-321375124,user="Игорь Иванов"(625210535),is_master=True,text="чвап",word="выхухоль"
Guessing word,chad_id=-321375124,user="Игорь Иванов"(625210535),is_master=True,text="чапр",word="выхухоль"
Guessing word,chad_id=-321375124,user="Игорь Иванов"(625210535),is_master=True,text="впп",word="выхухоль"
Guessing word,chad_id=-321375124,user="Силаева Влада"(749181473),is_master=True,text="с",word="выхухоль"
Guessing word,chad_id=-321375124,user="Силаева Влада"(749181473),is_master=True,text="ав",word="выхухоль"
Guessing word,chad_id=-321375124,user="Силаева Влада"(749181473),is_master=True,text="с",word="выхухоль"
chat_id=-321375124, New master is "Romka Best"(354543567)
Guessing word,chad_id=-321375124,user="Romka Best"(354543567),is_master=True,text="Выхухоль",word="выхухоль"
Guessing word,chad_id=-321375124,user="Игорь Иванов"(625210535),is_master=True,text="ст",word="стюардесса"
Guessing word,chad_id=-321375124,user="Игорь Иванов"(625210535),is_master=True,text="чвап",word="стюардесса"
Guessing word,chad_id=-321375124,user="Силаева Влада"(749181473),is_master=True,text="с",word="стюардесса"
chat_id=-321375124, New master is "Игорь Иванов"(625210535)
Guessing word,chad_id=-321375124,user="Игорь Иванов"(625210535),is_master=True,text="стюардесса",word="стюардесса"
Got command /rating,chat_id=-321375124,rating=Игорь Иванов: 4 Силаева Влада: 1 Romka Best: 2 
Got command /rating,chat_id=-321375124,rating=Игорь Иванов: 4 Силаева Влада: 1 Romka Best: 2 
Guessing word,chad_id=-321375124,user="Игорь Иванов"(625210535),is_master=True,text="театр",word="театр"
Guessing word,chad_id=-321375124,user="Romka Best"(354543567),is_master=True,text="Х",word="театр"
chat_id=-321375124, New master is "Игорь Иванов"(625210535)
Guessing word,chad_id=-321375124,user="Игорь Иванов"(625210535),is_master=True,text="театр",word="театр"
Guessing word,chad_id=-321375124,user="Romka Best"(354543567),is_master=True,text="Х",word="кинолог"
chat_id=-321375124, New master is "Игорь Иванов"(625210535)
Guessing word,chad_id=-321375124,user="Игорь Иванов"(625210535),is_master=True,text="кинолог",word="кинолог"
Guessing word,chad_id=-321375124,user="Игорь Иванов"(625210535),is_master=True,text="оригами",word="оригами"
chat_id=-321375124, New master is "Romka Best"(354543567)
Guessing word,chad_id=-321375124,user="Romka Best"(354543567),is_master=True,text="Оригами",word="оригами"
Guessing word,chad_id=-321375124,user="Игорь Иванов"(625210535),is_master=True,text="вап",word="ресурс"
chat_id=-321375124, New master is "Romka Best"(354543567)
Guessing word,chad_id=-321375124,user="Romka Best"(354543567),is_master=True,text="Ресурс",word="ресурс"
Guessing word,chad_id=-321375124,user="Игорь Иванов"(625210535),is_master=True,text="чапр",word="павлин"
chat_id=-321375124, New master is "Romka Best"(354543567)
Guessing word,chad_id=-321375124,user="Romka Best"(354543567),is_master=True,text="Павлин",word="павлин"
Guessing word,chad_id=-321375124,user="Игорь Иванов"(625210535),is_master=True,text="вяап",word="экскурсия"
chat_id=-321375124, New master is "Romka Best"(354543567)
Guessing word,chad_id=-321375124,user="Romka Best"(354543567),is_master=True,text="Экскурсия",word="экскурсия"
Guessing word,chad_id=-321375124,user="Игорь Иванов"(625210535),is_master=True,text="ыывап",word="граффити"
Guessing word,chad_id=-321375124,user="Игорь Иванов"(625210535),is_master=True,text="ывап",word="граффити"
Guessing word,chad_id=-321375124,user="Игорь Иванов"(625210535),is_master=True,text="ывап",word="граффити"
Guessing word,chad_id=-321375124,user="Romka Best"(354543567),is_master=True,text="Хах",word="граффити"
chat_id=-321375124, New master is "Игорь Иванов"(625210535)
Guessing word,chad_id=-321375124,user="Игорь Иванов"(625210535),is_master=True,text="граффити",word="граффити"
Guessing word,chad_id=-321375124,user="Силаева Влада"(749181473),is_master=True,text="с",word="медуза"
Guessing word,chad_id=-321375124,user="Силаева Влада"(749181473),is_master=True,text="медуза",word="медуза"
Got command /rating,chat_id=-321375124,rating=Игорь Иванов: 7 Силаева Влада: 1 Romka Best: 6 
chat_id=-321375124, New master is "Игорь Иванов"(625210535)
Guessing word,chad_id=-321375124,user="Игорь Иванов"(625210535),is_master=True,text="медуза",word="медуза"
Guessing word,chad_id=-321375124,user="Игорь Иванов"(625210535),is_master=True,text="медуза",word="не в своей тарелке"
Guessing word,chad_id=-321375124,user="Игорь Иванов"(625210535),is_master=True,text="медуза",word="не в своей тарелке"
Guessing word,chad_id=-321375124,user="Игорь Иванов"(625210535),is_master=True,text="медуза",word="не в своей тарелке"
Guessing word,chad_id=-321375124,user="Игорь Иванов"(625210535),is_master=True,text="медуза",word="не в своей тарелке"
Guessing word,chad_id=-321375124,user="Игорь Иванов"(625210535),is_master=True,text="медуза",word="не в своей тарелке"
Guessing word,chad_id=-321375124,user="Игорь Иванов"(625210535),is_master=True,text="медуза",word="не в своей тарелке"
Guessing word,chad_id=-321375124,user="Игорь Иванов"(625210535),is_master=True,text="медуза",word="не в своей тарелке"
Guessing word,chad_id=-321375124,user="Игорь Иванов"(625210535),is_master=True,text="медуза",word="не в своей тарелке"
Guessing word,chad_id=-321375124,user="Силаева Влада"(749181473),is_master=True,text="с",word="не в своей тарелке"
Guessing word,chad_id=-321375124,user="Romka Best"(354543567),is_master=True,text="Медуза",word="не в своей тарелке"
chat_id=-321375124, New master is "Силаева Влада"(749181473)
Guessing word,chad_id=-321375124,user="Силаева Влада"(749181473),is_master=True,text="не в своей тарелке",word="не в своей тарелке"
Guessing word,chad_id=-321375124,user="Romka Best"(354543567),is_master=True,text="Хах",word="бильярд"
Guessing word,chad_id=-321375124,user="Romka Best"(354543567),is_master=True,text="Бильярд",word="бильярд"
Got command /rating,chat_id=-321375124,rating=Игорь Иванов: 8 Силаева Влада: 2 Romka Best: 6 
chat_id=-321375124, New master is "Силаева Влада"(749181473)
Guessing word,chad_id=-321375124,user="Силаева Влада"(749181473),is_master=True,text="бильярд",word="бильярд"
Guessing word,chad_id=-321375124,user="Romka Best"(354543567),is_master=True,text="Х",word="блоха"
Guessing word,chad_id=-321375124,user="Силаева Влада"(749181473),is_master=True,text="п",word="блоха"
Guessing word,chad_id=-321375124,user="Силаева Влада"(749181473),is_master=True,text="/кф",word="блоха"
Got command /rating,chat_id=-321375124,rating=Игорь Иванов: 8 Силаева Влада: 3 Romka Best: 6 
Guessing word,chad_id=-321375124,user="Силаева Влада"(749181473),is_master=True,text="блоха",word="блоха"
chat_id=-321375124, New master is "Romka Best"(354543567)
Guessing word,chad_id=-321375124,user="Romka Best"(354543567),is_master=True,text="блоха",word="блоха"
Guessing word,chad_id=-321375124,user="Силаева Влада"(749181473),is_master=True,text="д",word="режиссер"
Guessing word,chad_id=-321375124,user="Romka Best"(354543567),is_master=True,text="режиссёр",word="режиссер"
Got command /start,chat_id=-321375124,user_id
chat_id=-321375124, New master is "Динара Гилязева"(776625534)
Guessing word,chad_id=-321375124,user="Силаева Влада"(749181473),is_master=True,text="режиссёр",word="эклектика"
Got command /rating,chat_id=-321375124,rating=
Got command /rating,chat_id=-321375124,rating=
Got command /master,chat_id=-321375124,user="Силаева Влада"(749181473),timedelta=0
chat_id=-321375124, New master is "Силаева Влада"(749181473)
